{
  name: 'SequelizeAccessDeniedError',
  parent: Error: Access denied for user 'root'@'localhost' (using password: YES)
      at Packet.asError (E:\RA-Project\RBackend\node_modules\mysql2\lib\packets\packet.js:728:17)
      at ClientHandshake.execute (E:\RA-Project\RBackend\node_modules\mysql2\lib\commands\command.js:29:26)
      at Connection.handlePacket (E:\RA-Project\RBackend\node_modules\mysql2\lib\connection.js:456:32)
      at PacketParser.onPacket (E:\RA-Project\RBackend\node_modules\mysql2\lib\connection.js:85:12)
      at PacketParser.executeStart (E:\RA-Project\RBackend\node_modules\mysql2\lib\packet_parser.js:75:16)
      at Socket.<anonymous> (E:\RA-Project\RBackend\node_modules\mysql2\lib\connection.js:92:25)
      at Socket.emit (events.js:375:28)
      at addChunk (internal/streams/readable.js:290:12)
      at readableAddChunk (internal/streams/readable.js:265:9)
      at Socket.Readable.push (internal/streams/readable.js:204:10) {
    code: 'ER_ACCESS_DENIED_ERROR',
    errno: 1045,
    sqlState: '28000',
    sqlMessage: "Access denied for user 'root'@'localhost' (using password: YES)",
    sql: undefined
  },
  original: Error: Access denied for user 'root'@'localhost' (using password: YES)
      at Packet.asError (E:\RA-Project\RBackend\node_modules\mysql2\lib\packets\packet.js:728:17)
      at ClientHandshake.execute (E:\RA-Project\RBackend\node_modules\mysql2\lib\commands\command.js:29:26)
      at Connection.handlePacket (E:\RA-Project\RBackend\node_modules\mysql2\lib\connection.js:456:32)
      at PacketParser.onPacket (E:\RA-Project\RBackend\node_modules\mysql2\lib\connection.js:85:12)
      at PacketParser.executeStart (E:\RA-Project\RBackend\node_modules\mysql2\lib\packet_parser.js:75:16)
      at Socket.<anonymous> (E:\RA-Project\RBackend\node_modules\mysql2\lib\connection.js:92:25)
      at Socket.emit (events.js:375:28)
      at addChunk (internal/streams/readable.js:290:12)
      at readableAddChunk (internal/streams/readable.js:265:9)
      at Socket.Readable.push (internal/streams/readable.js:204:10) {
    code: 'ER_ACCESS_DENIED_ERROR',
    errno: 1045,
    sqlState: '28000',
    sqlMessage: "Access denied for user 'root'@'localhost' (using password: YES)",
    sql: undefined
  },
  level: 'error',
  timestamp: '2023-02-01T05:53:55.435Z'
}
{
  level: 'error',
  message: `Error occurred while finding user in checkUserExistInApp middleware {"name":"SequelizeAccessDeniedError","parent":{"code":"ER_ACCESS_DENIED_ERROR","errno":1045,"sqlState":"28000","sqlMessage":"Access denied for user 'root'@'localhost' (using password: YES)"},"original":{"code":"ER_ACCESS_DENIED_ERROR","errno":1045,"sqlState":"28000","sqlMessage":"Access denied for user 'root'@'localhost' (using password: YES)"}}:`,
  timestamp: '2023-02-01T05:53:57.536Z'
}
{
  level: 'error',
  message: `Error occurred while finding user in checkUserExistInApp middleware {"name":"SequelizeAccessDeniedError","parent":{"code":"ER_ACCESS_DENIED_ERROR","errno":1045,"sqlState":"28000","sqlMessage":"Access denied for user 'root'@'localhost' (using password: YES)"},"original":{"code":"ER_ACCESS_DENIED_ERROR","errno":1045,"sqlState":"28000","sqlMessage":"Access denied for user 'root'@'localhost' (using password: YES)"}}:`,
  timestamp: '2023-02-01T05:53:57.547Z'
}
{
  level: 'error',
  message: `Error occurred while finding user in checkUserExistInApp middleware {"name":"SequelizeAccessDeniedError","parent":{"code":"ER_ACCESS_DENIED_ERROR","errno":1045,"sqlState":"28000","sqlMessage":"Access denied for user 'root'@'localhost' (using password: YES)"},"original":{"code":"ER_ACCESS_DENIED_ERROR","errno":1045,"sqlState":"28000","sqlMessage":"Access denied for user 'root'@'localhost' (using password: YES)"}}:`,
  timestamp: '2023-02-01T05:53:57.554Z'
}
{
  level: 'error',
  message: `Error occurred while finding user in checkUserExistInApp middleware {"name":"SequelizeAccessDeniedError","parent":{"code":"ER_ACCESS_DENIED_ERROR","errno":1045,"sqlState":"28000","sqlMessage":"Access denied for user 'root'@'localhost' (using password: YES)"},"original":{"code":"ER_ACCESS_DENIED_ERROR","errno":1045,"sqlState":"28000","sqlMessage":"Access denied for user 'root'@'localhost' (using password: YES)"}}:`,
  timestamp: '2023-02-01T05:54:00.254Z'
}
{
  level: 'error',
  message: `Error occurred while finding user in checkUserExistInApp middleware {"name":"SequelizeAccessDeniedError","parent":{"code":"ER_ACCESS_DENIED_ERROR","errno":1045,"sqlState":"28000","sqlMessage":"Access denied for user 'root'@'localhost' (using password: YES)"},"original":{"code":"ER_ACCESS_DENIED_ERROR","errno":1045,"sqlState":"28000","sqlMessage":"Access denied for user 'root'@'localhost' (using password: YES)"}}:`,
  timestamp: '2023-02-01T05:54:00.260Z'
}
{
  level: 'error',
  message: `Error occurred while finding user in checkUserExistInApp middleware {"name":"SequelizeAccessDeniedError","parent":{"code":"ER_ACCESS_DENIED_ERROR","errno":1045,"sqlState":"28000","sqlMessage":"Access denied for user 'root'@'localhost' (using password: YES)"},"original":{"code":"ER_ACCESS_DENIED_ERROR","errno":1045,"sqlState":"28000","sqlMessage":"Access denied for user 'root'@'localhost' (using password: YES)"}}:`,
  timestamp: '2023-02-01T05:54:00.266Z'
}
{
  level: 'error',
  message: `Error occurred while finding user in checkUserExistInApp middleware {"name":"SequelizeAccessDeniedError","parent":{"code":"ER_ACCESS_DENIED_ERROR","errno":1045,"sqlState":"28000","sqlMessage":"Access denied for user 'root'@'localhost' (using password: YES)"},"original":{"code":"ER_ACCESS_DENIED_ERROR","errno":1045,"sqlState":"28000","sqlMessage":"Access denied for user 'root'@'localhost' (using password: YES)"}}:`,
  timestamp: '2023-02-01T05:54:02.013Z'
}
{
  level: 'error',
  message: `Error occurred while finding user in checkUserExistInApp middleware {"name":"SequelizeAccessDeniedError","parent":{"code":"ER_ACCESS_DENIED_ERROR","errno":1045,"sqlState":"28000","sqlMessage":"Access denied for user 'root'@'localhost' (using password: YES)"},"original":{"code":"ER_ACCESS_DENIED_ERROR","errno":1045,"sqlState":"28000","sqlMessage":"Access denied for user 'root'@'localhost' (using password: YES)"}}:`,
  timestamp: '2023-02-01T05:54:02.017Z'
}
{
  level: 'error',
  message: `Error occurred while finding user in checkUserExistInApp middleware {"name":"SequelizeAccessDeniedError","parent":{"code":"ER_ACCESS_DENIED_ERROR","errno":1045,"sqlState":"28000","sqlMessage":"Access denied for user 'root'@'localhost' (using password: YES)"},"original":{"code":"ER_ACCESS_DENIED_ERROR","errno":1045,"sqlState":"28000","sqlMessage":"Access denied for user 'root'@'localhost' (using password: YES)"}}:`,
  timestamp: '2023-02-01T05:54:02.022Z'
}
{
  level: 'error',
  message: `Error occurred while finding user in checkUserExistInApp middleware {"name":"SequelizeAccessDeniedError","parent":{"code":"ER_ACCESS_DENIED_ERROR","errno":1045,"sqlState":"28000","sqlMessage":"Access denied for user 'root'@'localhost' (using password: YES)"},"original":{"code":"ER_ACCESS_DENIED_ERROR","errno":1045,"sqlState":"28000","sqlMessage":"Access denied for user 'root'@'localhost' (using password: YES)"}}:`,
  timestamp: '2023-02-01T05:54:02.719Z'
}
{
  level: 'error',
  message: `Error occurred while finding user in checkUserExistInApp middleware {"name":"SequelizeAccessDeniedError","parent":{"code":"ER_ACCESS_DENIED_ERROR","errno":1045,"sqlState":"28000","sqlMessage":"Access denied for user 'root'@'localhost' (using password: YES)"},"original":{"code":"ER_ACCESS_DENIED_ERROR","errno":1045,"sqlState":"28000","sqlMessage":"Access denied for user 'root'@'localhost' (using password: YES)"}}:`,
  timestamp: '2023-02-01T05:54:02.724Z'
}
{
  level: 'error',
  message: `Error occurred while finding user in checkUserExistInApp middleware {"name":"SequelizeAccessDeniedError","parent":{"code":"ER_ACCESS_DENIED_ERROR","errno":1045,"sqlState":"28000","sqlMessage":"Access denied for user 'root'@'localhost' (using password: YES)"},"original":{"code":"ER_ACCESS_DENIED_ERROR","errno":1045,"sqlState":"28000","sqlMessage":"Access denied for user 'root'@'localhost' (using password: YES)"}}:`,
  timestamp: '2023-02-01T05:54:02.730Z'
}
{
  level: 'error',
  message: `Error occurred while finding user in checkUserExistInApp middleware {"name":"SequelizeAccessDeniedError","parent":{"code":"ER_ACCESS_DENIED_ERROR","errno":1045,"sqlState":"28000","sqlMessage":"Access denied for user 'root'@'localhost' (using password: YES)"},"original":{"code":"ER_ACCESS_DENIED_ERROR","errno":1045,"sqlState":"28000","sqlMessage":"Access denied for user 'root'@'localhost' (using password: YES)"}}:`,
  timestamp: '2023-02-01T05:54:03.356Z'
}
{
  level: 'error',
  message: `Error occurred while finding user in checkUserExistInApp middleware {"name":"SequelizeAccessDeniedError","parent":{"code":"ER_ACCESS_DENIED_ERROR","errno":1045,"sqlState":"28000","sqlMessage":"Access denied for user 'root'@'localhost' (using password: YES)"},"original":{"code":"ER_ACCESS_DENIED_ERROR","errno":1045,"sqlState":"28000","sqlMessage":"Access denied for user 'root'@'localhost' (using password: YES)"}}:`,
  timestamp: '2023-02-01T05:54:03.363Z'
}
{
  level: 'error',
  message: `Error occurred while finding user in checkUserExistInApp middleware {"name":"SequelizeAccessDeniedError","parent":{"code":"ER_ACCESS_DENIED_ERROR","errno":1045,"sqlState":"28000","sqlMessage":"Access denied for user 'root'@'localhost' (using password: YES)"},"original":{"code":"ER_ACCESS_DENIED_ERROR","errno":1045,"sqlState":"28000","sqlMessage":"Access denied for user 'root'@'localhost' (using password: YES)"}}:`,
  timestamp: '2023-02-01T05:54:03.371Z'
}
{
  level: 'error',
  message: `Error occurred while finding user in checkUserExistInApp middleware {"name":"SequelizeAccessDeniedError","parent":{"code":"ER_ACCESS_DENIED_ERROR","errno":1045,"sqlState":"28000","sqlMessage":"Access denied for user 'root'@'localhost' (using password: YES)"},"original":{"code":"ER_ACCESS_DENIED_ERROR","errno":1045,"sqlState":"28000","sqlMessage":"Access denied for user 'root'@'localhost' (using password: YES)"}}:`,
  timestamp: '2023-02-01T05:54:04.219Z'
}
{
  level: 'error',
  message: `Error occurred while finding user in checkUserExistInApp middleware {"name":"SequelizeAccessDeniedError","parent":{"code":"ER_ACCESS_DENIED_ERROR","errno":1045,"sqlState":"28000","sqlMessage":"Access denied for user 'root'@'localhost' (using password: YES)"},"original":{"code":"ER_ACCESS_DENIED_ERROR","errno":1045,"sqlState":"28000","sqlMessage":"Access denied for user 'root'@'localhost' (using password: YES)"}}:`,
  timestamp: '2023-02-01T05:54:04.224Z'
}
{
  level: 'error',
  message: `Error occurred while finding user in checkUserExistInApp middleware {"name":"SequelizeAccessDeniedError","parent":{"code":"ER_ACCESS_DENIED_ERROR","errno":1045,"sqlState":"28000","sqlMessage":"Access denied for user 'root'@'localhost' (using password: YES)"},"original":{"code":"ER_ACCESS_DENIED_ERROR","errno":1045,"sqlState":"28000","sqlMessage":"Access denied for user 'root'@'localhost' (using password: YES)"}}:`,
  timestamp: '2023-02-01T05:54:04.231Z'
}
{
  level: 'error',
  message: `Error occurred while finding user in checkUserExistInApp middleware {"name":"SequelizeAccessDeniedError","parent":{"code":"ER_ACCESS_DENIED_ERROR","errno":1045,"sqlState":"28000","sqlMessage":"Access denied for user 'root'@'localhost' (using password: YES)"},"original":{"code":"ER_ACCESS_DENIED_ERROR","errno":1045,"sqlState":"28000","sqlMessage":"Access denied for user 'root'@'localhost' (using password: YES)"}}:`,
  timestamp: '2023-02-01T05:54:04.809Z'
}
{
  level: 'error',
  message: `Error occurred while finding user in checkUserExistInApp middleware {"name":"SequelizeAccessDeniedError","parent":{"code":"ER_ACCESS_DENIED_ERROR","errno":1045,"sqlState":"28000","sqlMessage":"Access denied for user 'root'@'localhost' (using password: YES)"},"original":{"code":"ER_ACCESS_DENIED_ERROR","errno":1045,"sqlState":"28000","sqlMessage":"Access denied for user 'root'@'localhost' (using password: YES)"}}:`,
  timestamp: '2023-02-01T05:54:04.812Z'
}
{
  level: 'error',
  message: `Error occurred while finding user in checkUserExistInApp middleware {"name":"SequelizeAccessDeniedError","parent":{"code":"ER_ACCESS_DENIED_ERROR","errno":1045,"sqlState":"28000","sqlMessage":"Access denied for user 'root'@'localhost' (using password: YES)"},"original":{"code":"ER_ACCESS_DENIED_ERROR","errno":1045,"sqlState":"28000","sqlMessage":"Access denied for user 'root'@'localhost' (using password: YES)"}}:`,
  timestamp: '2023-02-01T05:54:04.817Z'
}
{
  level: 'error',
  message: `Error occurred while finding user in checkUserExistInApp middleware {"name":"SequelizeAccessDeniedError","parent":{"code":"ER_ACCESS_DENIED_ERROR","errno":1045,"sqlState":"28000","sqlMessage":"Access denied for user 'root'@'localhost' (using password: YES)"},"original":{"code":"ER_ACCESS_DENIED_ERROR","errno":1045,"sqlState":"28000","sqlMessage":"Access denied for user 'root'@'localhost' (using password: YES)"}}:`,
  timestamp: '2023-02-01T05:54:05.681Z'
}
{
  level: 'error',
  message: `Error occurred while finding user in checkUserExistInApp middleware {"name":"SequelizeAccessDeniedError","parent":{"code":"ER_ACCESS_DENIED_ERROR","errno":1045,"sqlState":"28000","sqlMessage":"Access denied for user 'root'@'localhost' (using password: YES)"},"original":{"code":"ER_ACCESS_DENIED_ERROR","errno":1045,"sqlState":"28000","sqlMessage":"Access denied for user 'root'@'localhost' (using password: YES)"}}:`,
  timestamp: '2023-02-01T05:54:05.687Z'
}
{
  level: 'error',
  message: `Error occurred while finding user in checkUserExistInApp middleware {"name":"SequelizeAccessDeniedError","parent":{"code":"ER_ACCESS_DENIED_ERROR","errno":1045,"sqlState":"28000","sqlMessage":"Access denied for user 'root'@'localhost' (using password: YES)"},"original":{"code":"ER_ACCESS_DENIED_ERROR","errno":1045,"sqlState":"28000","sqlMessage":"Access denied for user 'root'@'localhost' (using password: YES)"}}:`,
  timestamp: '2023-02-01T05:54:05.693Z'
}
{
  level: 'error',
  message: `Error occurred while finding user in checkUserExistInApp middleware {"name":"SequelizeAccessDeniedError","parent":{"code":"ER_ACCESS_DENIED_ERROR","errno":1045,"sqlState":"28000","sqlMessage":"Access denied for user 'root'@'localhost' (using password: YES)"},"original":{"code":"ER_ACCESS_DENIED_ERROR","errno":1045,"sqlState":"28000","sqlMessage":"Access denied for user 'root'@'localhost' (using password: YES)"}}:`,
  timestamp: '2023-02-01T05:54:06.431Z'
}
{
  level: 'error',
  message: `Error occurred while finding user in checkUserExistInApp middleware {"name":"SequelizeAccessDeniedError","parent":{"code":"ER_ACCESS_DENIED_ERROR","errno":1045,"sqlState":"28000","sqlMessage":"Access denied for user 'root'@'localhost' (using password: YES)"},"original":{"code":"ER_ACCESS_DENIED_ERROR","errno":1045,"sqlState":"28000","sqlMessage":"Access denied for user 'root'@'localhost' (using password: YES)"}}:`,
  timestamp: '2023-02-01T05:54:06.436Z'
}
{
  level: 'error',
  message: `Error occurred while finding user in checkUserExistInApp middleware {"name":"SequelizeAccessDeniedError","parent":{"code":"ER_ACCESS_DENIED_ERROR","errno":1045,"sqlState":"28000","sqlMessage":"Access denied for user 'root'@'localhost' (using password: YES)"},"original":{"code":"ER_ACCESS_DENIED_ERROR","errno":1045,"sqlState":"28000","sqlMessage":"Access denied for user 'root'@'localhost' (using password: YES)"}}:`,
  timestamp: '2023-02-01T05:54:06.442Z'
}
{
  level: 'error',
  message: `Error occurred while finding user in checkUserExistInApp middleware {"name":"SequelizeAccessDeniedError","parent":{"code":"ER_ACCESS_DENIED_ERROR","errno":1045,"sqlState":"28000","sqlMessage":"Access denied for user 'root'@'localhost' (using password: YES)"},"original":{"code":"ER_ACCESS_DENIED_ERROR","errno":1045,"sqlState":"28000","sqlMessage":"Access denied for user 'root'@'localhost' (using password: YES)"}}:`,
  timestamp: '2023-02-01T05:54:07.318Z'
}
{
  level: 'error',
  message: `Error occurred while finding user in checkUserExistInApp middleware {"name":"SequelizeAccessDeniedError","parent":{"code":"ER_ACCESS_DENIED_ERROR","errno":1045,"sqlState":"28000","sqlMessage":"Access denied for user 'root'@'localhost' (using password: YES)"},"original":{"code":"ER_ACCESS_DENIED_ERROR","errno":1045,"sqlState":"28000","sqlMessage":"Access denied for user 'root'@'localhost' (using password: YES)"}}:`,
  timestamp: '2023-02-01T05:54:07.322Z'
}
{
  level: 'error',
  message: `Error occurred while finding user in checkUserExistInApp middleware {"name":"SequelizeAccessDeniedError","parent":{"code":"ER_ACCESS_DENIED_ERROR","errno":1045,"sqlState":"28000","sqlMessage":"Access denied for user 'root'@'localhost' (using password: YES)"},"original":{"code":"ER_ACCESS_DENIED_ERROR","errno":1045,"sqlState":"28000","sqlMessage":"Access denied for user 'root'@'localhost' (using password: YES)"}}:`,
  timestamp: '2023-02-01T05:54:07.327Z'
}
{
  name: 'SequelizeConnectionError',
  parent: Error: Unknown database 'r_app_test'
      at Packet.asError (E:\RA-Project\RBackend\node_modules\mysql2\lib\packets\packet.js:728:17)
      at ClientHandshake.execute (E:\RA-Project\RBackend\node_modules\mysql2\lib\commands\command.js:29:26)
      at Connection.handlePacket (E:\RA-Project\RBackend\node_modules\mysql2\lib\connection.js:456:32)
      at PacketParser.onPacket (E:\RA-Project\RBackend\node_modules\mysql2\lib\connection.js:85:12)
      at PacketParser.executeStart (E:\RA-Project\RBackend\node_modules\mysql2\lib\packet_parser.js:75:16)
      at Socket.<anonymous> (E:\RA-Project\RBackend\node_modules\mysql2\lib\connection.js:92:25)
      at Socket.emit (events.js:375:28)
      at addChunk (internal/streams/readable.js:290:12)
      at readableAddChunk (internal/streams/readable.js:265:9)
      at Socket.Readable.push (internal/streams/readable.js:204:10) {
    code: 'ER_BAD_DB_ERROR',
    errno: 1049,
    sqlState: '42000',
    sqlMessage: "Unknown database 'r_app_test'",
    sql: undefined
  },
  original: Error: Unknown database 'r_app_test'
      at Packet.asError (E:\RA-Project\RBackend\node_modules\mysql2\lib\packets\packet.js:728:17)
      at ClientHandshake.execute (E:\RA-Project\RBackend\node_modules\mysql2\lib\commands\command.js:29:26)
      at Connection.handlePacket (E:\RA-Project\RBackend\node_modules\mysql2\lib\connection.js:456:32)
      at PacketParser.onPacket (E:\RA-Project\RBackend\node_modules\mysql2\lib\connection.js:85:12)
      at PacketParser.executeStart (E:\RA-Project\RBackend\node_modules\mysql2\lib\packet_parser.js:75:16)
      at Socket.<anonymous> (E:\RA-Project\RBackend\node_modules\mysql2\lib\connection.js:92:25)
      at Socket.emit (events.js:375:28)
      at addChunk (internal/streams/readable.js:290:12)
      at readableAddChunk (internal/streams/readable.js:265:9)
      at Socket.Readable.push (internal/streams/readable.js:204:10) {
    code: 'ER_BAD_DB_ERROR',
    errno: 1049,
    sqlState: '42000',
    sqlMessage: "Unknown database 'r_app_test'",
    sql: undefined
  },
  level: 'error',
  timestamp: '2023-02-01T05:54:46.877Z'
}
{
  level: 'error',
  message: `Error occurred while finding user in checkUserExistInApp middleware {"name":"SequelizeConnectionError","parent":{"code":"ER_BAD_DB_ERROR","errno":1049,"sqlState":"42000","sqlMessage":"Unknown database 'r_app_test'"},"original":{"code":"ER_BAD_DB_ERROR","errno":1049,"sqlState":"42000","sqlMessage":"Unknown database 'r_app_test'"}}:`,
  timestamp: '2023-02-01T05:54:54.617Z'
}
{
  level: 'error',
  message: `Error occurred while finding user in checkUserExistInApp middleware {"name":"SequelizeConnectionError","parent":{"code":"ER_BAD_DB_ERROR","errno":1049,"sqlState":"42000","sqlMessage":"Unknown database 'r_app_test'"},"original":{"code":"ER_BAD_DB_ERROR","errno":1049,"sqlState":"42000","sqlMessage":"Unknown database 'r_app_test'"}}:`,
  timestamp: '2023-02-01T05:54:54.622Z'
}
{
  level: 'error',
  message: `Error occurred while finding user in checkUserExistInApp middleware {"name":"SequelizeConnectionError","parent":{"code":"ER_BAD_DB_ERROR","errno":1049,"sqlState":"42000","sqlMessage":"Unknown database 'r_app_test'"},"original":{"code":"ER_BAD_DB_ERROR","errno":1049,"sqlState":"42000","sqlMessage":"Unknown database 'r_app_test'"}}:`,
  timestamp: '2023-02-01T05:54:54.630Z'
}
{
  level: 'error',
  message: `Error occurred while finding user in checkUserExistInApp middleware {"name":"SequelizeConnectionError","parent":{"code":"ER_BAD_DB_ERROR","errno":1049,"sqlState":"42000","sqlMessage":"Unknown database 'r_app_test'"},"original":{"code":"ER_BAD_DB_ERROR","errno":1049,"sqlState":"42000","sqlMessage":"Unknown database 'r_app_test'"}}:`,
  timestamp: '2023-02-01T05:54:55.808Z'
}
{
  level: 'error',
  message: `Error occurred while finding user in checkUserExistInApp middleware {"name":"SequelizeConnectionError","parent":{"code":"ER_BAD_DB_ERROR","errno":1049,"sqlState":"42000","sqlMessage":"Unknown database 'r_app_test'"},"original":{"code":"ER_BAD_DB_ERROR","errno":1049,"sqlState":"42000","sqlMessage":"Unknown database 'r_app_test'"}}:`,
  timestamp: '2023-02-01T05:54:55.815Z'
}
{
  level: 'error',
  message: `Error occurred while finding user in checkUserExistInApp middleware {"name":"SequelizeConnectionError","parent":{"code":"ER_BAD_DB_ERROR","errno":1049,"sqlState":"42000","sqlMessage":"Unknown database 'r_app_test'"},"original":{"code":"ER_BAD_DB_ERROR","errno":1049,"sqlState":"42000","sqlMessage":"Unknown database 'r_app_test'"}}:`,
  timestamp: '2023-02-01T05:54:55.821Z'
}
{
  level: 'error',
  message: 'Error occurred while sending mail candidate in updateCandidate controller {}:',
  timestamp: '2023-02-01T08:33:36.561Z'
}
{
  level: 'error',
  message: 'Error occurred while finding data in getDashboard controller {}:',
  timestamp: '2023-02-01T09:56:06.195Z'
}
{
  level: 'error',
  message: 'Error occurred while finding data in getDashboard controller {}:',
  timestamp: '2023-02-01T09:56:49.215Z'
}
{
  level: 'error',
  message: 'Error occurred while finding data in getDashboard controller {}:',
  timestamp: '2023-02-01T09:57:15.563Z'
}
