{
  level: 'error',
  message: 'Error occurred while creating user in checkUserExistInApp middleware {"name":"SequelizeUniqueConstraintError","errors":[{"message":"PRIMARY must be unique","type":"unique violation","path":"PRIMARY","value":"1bdd3f52-3349-4557-8b0d-3a60f6069cfb","origin":"DB","instance":{"mobile":null,"city":null,"status":"Active","parentId":null,"userId":"1bdd3f52-3349-4557-8b0d-3a60f6069cfb","displayName":"Chetan Gaikwad","email":"gchetan@futransolutions.com","createdById":"1bdd3f52-3349-4557-8b0d-3a60f6069cfb","lastModifiedById":"1bdd3f52-3349-4557-8b0d-3a60f6069cfb","lastModifiedDate":"2023-01-24T06:18:17.433Z","createdDate":"2023-01-24T06:18:17.433Z"},"validatorKey":"not_unique","validatorName":null,"validatorArgs":[]}],"parent":{"code":"ER_DUP_ENTRY","errno":1062,"sqlState":"23000","sqlMessage":"Duplicate entry \'1bdd3f52-3349-4557-8b0d-3a60f6069cfb\' for key \'users.PRIMARY\'","sql":"INSERT INTO `Users` (`userId`,`displayName`,`email`,`mobile`,`city`,`status`,`createdDate`,`lastModifiedDate`,`createdById`,`lastModifiedById`,`parentId`) VALUES (?,?,?,?,?,?,?,?,?,?,?);","parameters":["1bdd3f52-3349-4557-8b0d-3a60f6069cfb","Chetan Gaikwad","gchetan@futransolutions.com",null,null,"Active","2023-01-24 06:18:17","2023-01-24 06:18:17","1bdd3f52-3349-4557-8b0d-3a60f6069cfb","1bdd3f52-3349-4557-8b0d-3a60f6069cfb",null]},"original":{"code":"ER_DUP_ENTRY","errno":1062,"sqlState":"23000","sqlMessage":"Duplicate entry \'1bdd3f52-3349-4557-8b0d-3a60f6069cfb\' for key \'users.PRIMARY\'","sql":"INSERT INTO `Users` (`userId`,`displayName`,`email`,`mobile`,`city`,`status`,`createdDate`,`lastModifiedDate`,`createdById`,`lastModifiedById`,`parentId`) VALUES (?,?,?,?,?,?,?,?,?,?,?);","parameters":["1bdd3f52-3349-4557-8b0d-3a60f6069cfb","Chetan Gaikwad","gchetan@futransolutions.com",null,null,"Active","2023-01-24 06:18:17","2023-01-24 06:18:17","1bdd3f52-3349-4557-8b0d-3a60f6069cfb","1bdd3f52-3349-4557-8b0d-3a60f6069cfb",null]},"fields":{"PRIMARY":"1bdd3f52-3349-4557-8b0d-3a60f6069cfb"},"sql":"INSERT INTO `Users` (`userId`,`displayName`,`email`,`mobile`,`city`,`status`,`createdDate`,`lastModifiedDate`,`createdById`,`lastModifiedById`,`parentId`) VALUES (?,?,?,?,?,?,?,?,?,?,?);"}:',
  timestamp: '2023-01-24T06:18:17.469Z'
}
{
  message: "Error: Cannot read properties of undefined (reading 'users')",
  level: 'error',
  timestamp: '2023-01-24T06:27:42.635Z'
}
{
  level: 'error',
  message: 'Error occurred while creating user in checkUserExistInApp middleware {"name":"SequelizeUniqueConstraintError","errors":[{"message":"PRIMARY must be unique","type":"unique violation","path":"PRIMARY","value":"0e79f771-9530-40d6-bd10-22ab01a3de87","origin":"DB","instance":{"mobile":null,"city":null,"status":"Active","parentId":null,"userId":"0e79f771-9530-40d6-bd10-22ab01a3de87","displayName":"Shivam Sharma","email":"sshivam@futransolutions.com","createdById":"0e79f771-9530-40d6-bd10-22ab01a3de87","lastModifiedById":"0e79f771-9530-40d6-bd10-22ab01a3de87","lastModifiedDate":"2023-01-24T06:29:46.011Z","createdDate":"2023-01-24T06:29:46.011Z"},"validatorKey":"not_unique","validatorName":null,"validatorArgs":[]}],"parent":{"code":"ER_DUP_ENTRY","errno":1062,"sqlState":"23000","sqlMessage":"Duplicate entry \'0e79f771-9530-40d6-bd10-22ab01a3de87\' for key \'users.PRIMARY\'","sql":"INSERT INTO `Users` (`userId`,`displayName`,`email`,`mobile`,`city`,`status`,`createdDate`,`lastModifiedDate`,`createdById`,`lastModifiedById`,`parentId`) VALUES (?,?,?,?,?,?,?,?,?,?,?);","parameters":["0e79f771-9530-40d6-bd10-22ab01a3de87","Shivam Sharma","sshivam@futransolutions.com",null,null,"Active","2023-01-24 06:29:46","2023-01-24 06:29:46","0e79f771-9530-40d6-bd10-22ab01a3de87","0e79f771-9530-40d6-bd10-22ab01a3de87",null]},"original":{"code":"ER_DUP_ENTRY","errno":1062,"sqlState":"23000","sqlMessage":"Duplicate entry \'0e79f771-9530-40d6-bd10-22ab01a3de87\' for key \'users.PRIMARY\'","sql":"INSERT INTO `Users` (`userId`,`displayName`,`email`,`mobile`,`city`,`status`,`createdDate`,`lastModifiedDate`,`createdById`,`lastModifiedById`,`parentId`) VALUES (?,?,?,?,?,?,?,?,?,?,?);","parameters":["0e79f771-9530-40d6-bd10-22ab01a3de87","Shivam Sharma","sshivam@futransolutions.com",null,null,"Active","2023-01-24 06:29:46","2023-01-24 06:29:46","0e79f771-9530-40d6-bd10-22ab01a3de87","0e79f771-9530-40d6-bd10-22ab01a3de87",null]},"fields":{"PRIMARY":"0e79f771-9530-40d6-bd10-22ab01a3de87"},"sql":"INSERT INTO `Users` (`userId`,`displayName`,`email`,`mobile`,`city`,`status`,`createdDate`,`lastModifiedDate`,`createdById`,`lastModifiedById`,`parentId`) VALUES (?,?,?,?,?,?,?,?,?,?,?);"}:',
  timestamp: '2023-01-24T06:29:46.056Z'
}
{
  message: "Error: Cannot read properties of undefined (reading 'users')",
  level: 'error',
  timestamp: '2023-01-24T06:29:52.965Z'
}
{
  message: "Error: Cannot read properties of undefined (reading 'users')",
  level: 'error',
  timestamp: '2023-01-24T06:31:00.608Z'
}
{
  message: "Error: Cannot read properties of undefined (reading 'users')",
  level: 'error',
  timestamp: '2023-01-24T06:35:49.728Z'
}
{
  level: 'error',
  message: 'Error occurred while creating user in checkUserExistInApp middleware {"name":"SequelizeUniqueConstraintError","errors":[{"message":"PRIMARY must be unique","type":"unique violation","path":"PRIMARY","value":"0e79f771-9530-40d6-bd10-22ab01a3de87","origin":"DB","instance":{"mobile":null,"city":null,"status":"Active","parentId":null,"userId":"0e79f771-9530-40d6-bd10-22ab01a3de87","displayName":"Shivam Sharma","email":"sshivam@futransolutions.com","createdById":"0e79f771-9530-40d6-bd10-22ab01a3de87","lastModifiedById":"0e79f771-9530-40d6-bd10-22ab01a3de87","lastModifiedDate":"2023-01-24T06:37:15.648Z","createdDate":"2023-01-24T06:37:15.648Z"},"validatorKey":"not_unique","validatorName":null,"validatorArgs":[]}],"parent":{"code":"ER_DUP_ENTRY","errno":1062,"sqlState":"23000","sqlMessage":"Duplicate entry \'0e79f771-9530-40d6-bd10-22ab01a3de87\' for key \'users.PRIMARY\'","sql":"INSERT INTO `Users` (`userId`,`displayName`,`email`,`mobile`,`city`,`status`,`createdDate`,`lastModifiedDate`,`createdById`,`lastModifiedById`,`parentId`) VALUES (?,?,?,?,?,?,?,?,?,?,?);","parameters":["0e79f771-9530-40d6-bd10-22ab01a3de87","Shivam Sharma","sshivam@futransolutions.com",null,null,"Active","2023-01-24 06:37:15","2023-01-24 06:37:15","0e79f771-9530-40d6-bd10-22ab01a3de87","0e79f771-9530-40d6-bd10-22ab01a3de87",null]},"original":{"code":"ER_DUP_ENTRY","errno":1062,"sqlState":"23000","sqlMessage":"Duplicate entry \'0e79f771-9530-40d6-bd10-22ab01a3de87\' for key \'users.PRIMARY\'","sql":"INSERT INTO `Users` (`userId`,`displayName`,`email`,`mobile`,`city`,`status`,`createdDate`,`lastModifiedDate`,`createdById`,`lastModifiedById`,`parentId`) VALUES (?,?,?,?,?,?,?,?,?,?,?);","parameters":["0e79f771-9530-40d6-bd10-22ab01a3de87","Shivam Sharma","sshivam@futransolutions.com",null,null,"Active","2023-01-24 06:37:15","2023-01-24 06:37:15","0e79f771-9530-40d6-bd10-22ab01a3de87","0e79f771-9530-40d6-bd10-22ab01a3de87",null]},"fields":{"PRIMARY":"0e79f771-9530-40d6-bd10-22ab01a3de87"},"sql":"INSERT INTO `Users` (`userId`,`displayName`,`email`,`mobile`,`city`,`status`,`createdDate`,`lastModifiedDate`,`createdById`,`lastModifiedById`,`parentId`) VALUES (?,?,?,?,?,?,?,?,?,?,?);"}:',
  timestamp: '2023-01-24T06:37:15.741Z'
}
{
  message: "Error: Cannot read properties of undefined (reading 'users')",
  level: 'error',
  timestamp: '2023-01-24T06:43:31.199Z'
}
{
  message: "Error: Cannot read properties of undefined (reading 'users')",
  level: 'error',
  timestamp: '2023-01-24T06:43:34.028Z'
}
{
  message: "Error: Cannot read properties of undefined (reading 'users')",
  level: 'error',
  timestamp: '2023-01-24T06:45:03.227Z'
}
{
  message: "Error: Cannot read properties of undefined (reading 'users')",
  level: 'error',
  timestamp: '2023-01-24T06:50:14.629Z'
}
{
  message: "Error: Cannot read properties of undefined (reading 'users')",
  level: 'error',
  timestamp: '2023-01-24T06:51:35.258Z'
}
{
  message: "Error: Cannot read properties of undefined (reading 'users')",
  level: 'error',
  timestamp: '2023-01-24T06:53:06.984Z'
}
{
  message: "Error: Cannot read properties of undefined (reading 'users')",
  level: 'error',
  timestamp: '2023-01-24T06:54:28.795Z'
}
{
  message: "Error: Cannot read properties of undefined (reading 'users')",
  level: 'error',
  timestamp: '2023-01-24T07:07:24.706Z'
}
{
  message: "Error: Cannot read properties of undefined (reading 'users')",
  level: 'error',
  timestamp: '2023-01-24T07:07:52.611Z'
}
{
  message: "Error: Cannot read properties of undefined (reading 'users')",
  level: 'error',
  timestamp: '2023-01-24T07:08:03.693Z'
}
{
  message: "Error: Cannot read properties of undefined (reading 'users')",
  level: 'error',
  timestamp: '2023-01-24T07:09:04.977Z'
}
{
  message: "Error: Cannot read properties of undefined (reading 'users')",
  level: 'error',
  timestamp: '2023-01-24T07:11:53.090Z'
}
{
  message: "Error: Cannot read properties of undefined (reading 'users')",
  level: 'error',
  timestamp: '2023-01-24T07:12:18.582Z'
}
{
  message: "Error: Cannot read properties of undefined (reading 'users')",
  level: 'error',
  timestamp: '2023-01-24T07:12:29.630Z'
}
{
  message: "Error: Cannot read properties of undefined (reading 'users')",
  level: 'error',
  timestamp: '2023-01-24T07:12:47.870Z'
}
{
  message: "Error: Cannot read properties of undefined (reading 'users')",
  level: 'error',
  timestamp: '2023-01-24T07:13:17.936Z'
}
{
  message: "Error: Cannot read properties of undefined (reading 'users')",
  level: 'error',
  timestamp: '2023-01-24T07:13:26.895Z'
}
{
  message: "Error: Cannot read properties of undefined (reading 'users')",
  level: 'error',
  timestamp: '2023-01-24T07:14:22.419Z'
}
{
  message: "Error: Cannot read properties of undefined (reading 'users')",
  level: 'error',
  timestamp: '2023-01-24T07:14:44.325Z'
}
{
  message: "Error: Cannot read properties of undefined (reading 'users')",
  level: 'error',
  timestamp: '2023-01-24T07:15:09.949Z'
}
{
  message: "Error: Cannot read properties of undefined (reading 'users')",
  level: 'error',
  timestamp: '2023-01-24T07:15:12.235Z'
}
{
  message: "Error: Cannot read properties of undefined (reading 'users')",
  level: 'error',
  timestamp: '2023-01-24T07:15:28.737Z'
}
{
  message: "Error: Cannot read properties of undefined (reading 'users')",
  level: 'error',
  timestamp: '2023-01-24T07:15:36.649Z'
}
{
  message: "Error: Cannot read properties of undefined (reading 'users')",
  level: 'error',
  timestamp: '2023-01-24T07:15:43.941Z'
}
{
  message: "Error: Cannot read properties of undefined (reading 'users')",
  level: 'error',
  timestamp: '2023-01-24T07:16:15.539Z'
}
{
  message: "Error: Cannot read properties of undefined (reading 'users')",
  level: 'error',
  timestamp: '2023-01-24T07:16:22.950Z'
}
{
  message: "Error: Cannot read properties of undefined (reading 'users')",
  level: 'error',
  timestamp: '2023-01-24T07:16:30.314Z'
}
{
  message: "Error: Cannot read properties of undefined (reading 'users')",
  level: 'error',
  timestamp: '2023-01-24T07:16:38.884Z'
}
{
  message: "Error: Cannot read properties of undefined (reading 'users')",
  level: 'error',
  timestamp: '2023-01-24T07:16:45.858Z'
}
{
  message: "Error: Cannot read properties of undefined (reading 'users')",
  level: 'error',
  timestamp: '2023-01-24T07:16:51.407Z'
}
{
  message: "Error: Cannot read properties of undefined (reading 'users')",
  level: 'error',
  timestamp: '2023-01-24T07:17:18.422Z'
}
{
  message: "Error: Cannot read properties of undefined (reading 'users')",
  level: 'error',
  timestamp: '2023-01-24T07:19:07.189Z'
}
{
  message: "Error: Cannot read properties of undefined (reading 'users')",
  level: 'error',
  timestamp: '2023-01-24T07:19:23.533Z'
}
{
  message: "Error: Cannot read properties of undefined (reading 'users')",
  level: 'error',
  timestamp: '2023-01-24T07:19:47.090Z'
}
{
  level: 'error',
  message: 'Error occurred while finding statuses in getDashboard controller {"name":"SequelizeDatabaseError","parent":{"code":"ER_BAD_FIELD_ERROR","errno":1054,"sqlState":"42S22","sqlMessage":"Unknown column \'JobRequisition.created_date\' in \'order clause\'","sql":"SELECT `jobId`, `jobCode`, `jobTitle`, `city`, `state`, `primarySkills`, `experience`, `payRates`, `canEngageExternalConsultants`, `priority`, `company`, `noOfPositions`, `remark`, `jobDescription`, `status`, `createdDate`, `lastModifiedDate`, `createdById`, `lastModifiedById`, `jobTypeId`, `jobRequisitionStatusId` FROM `jobrequisitions` AS `JobRequisition` ORDER BY `JobRequisition`.`created_date` DESC, `candidates->interviews`.`interview_round` DESC;"},"original":{"code":"ER_BAD_FIELD_ERROR","errno":1054,"sqlState":"42S22","sqlMessage":"Unknown column \'JobRequisition.created_date\' in \'order clause\'","sql":"SELECT `jobId`, `jobCode`, `jobTitle`, `city`, `state`, `primarySkills`, `experience`, `payRates`, `canEngageExternalConsultants`, `priority`, `company`, `noOfPositions`, `remark`, `jobDescription`, `status`, `createdDate`, `lastModifiedDate`, `createdById`, `lastModifiedById`, `jobTypeId`, `jobRequisitionStatusId` FROM `jobrequisitions` AS `JobRequisition` ORDER BY `JobRequisition`.`created_date` DESC, `candidates->interviews`.`interview_round` DESC;"},"sql":"SELECT `jobId`, `jobCode`, `jobTitle`, `city`, `state`, `primarySkills`, `experience`, `payRates`, `canEngageExternalConsultants`, `priority`, `company`, `noOfPositions`, `remark`, `jobDescription`, `status`, `createdDate`, `lastModifiedDate`, `createdById`, `lastModifiedById`, `jobTypeId`, `jobRequisitionStatusId` FROM `jobrequisitions` AS `JobRequisition` ORDER BY `JobRequisition`.`created_date` DESC, `candidates->interviews`.`interview_round` DESC;","parameters":{}}:',
  timestamp: '2023-01-24T10:59:52.644Z'
}
{
  level: 'error',
  message: 'Error occurred while finding statuses in getDashboard controller {"name":"SequelizeDatabaseError","parent":{"code":"ER_BAD_FIELD_ERROR","errno":1054,"sqlState":"42S22","sqlMessage":"Unknown column \'JobRequisition.created_date\' in \'order clause\'","sql":"SELECT `jobId`, `jobCode`, `jobTitle`, `city`, `state`, `primarySkills`, `experience`, `payRates`, `canEngageExternalConsultants`, `priority`, `company`, `noOfPositions`, `remark`, `jobDescription`, `status`, `createdDate`, `lastModifiedDate`, `createdById`, `lastModifiedById`, `jobTypeId`, `jobRequisitionStatusId` FROM `jobrequisitions` AS `JobRequisition` ORDER BY `JobRequisition`.`created_date` DESC, `candidates->interviews`.`interview_round` DESC;"},"original":{"code":"ER_BAD_FIELD_ERROR","errno":1054,"sqlState":"42S22","sqlMessage":"Unknown column \'JobRequisition.created_date\' in \'order clause\'","sql":"SELECT `jobId`, `jobCode`, `jobTitle`, `city`, `state`, `primarySkills`, `experience`, `payRates`, `canEngageExternalConsultants`, `priority`, `company`, `noOfPositions`, `remark`, `jobDescription`, `status`, `createdDate`, `lastModifiedDate`, `createdById`, `lastModifiedById`, `jobTypeId`, `jobRequisitionStatusId` FROM `jobrequisitions` AS `JobRequisition` ORDER BY `JobRequisition`.`created_date` DESC, `candidates->interviews`.`interview_round` DESC;"},"sql":"SELECT `jobId`, `jobCode`, `jobTitle`, `city`, `state`, `primarySkills`, `experience`, `payRates`, `canEngageExternalConsultants`, `priority`, `company`, `noOfPositions`, `remark`, `jobDescription`, `status`, `createdDate`, `lastModifiedDate`, `createdById`, `lastModifiedById`, `jobTypeId`, `jobRequisitionStatusId` FROM `jobrequisitions` AS `JobRequisition` ORDER BY `JobRequisition`.`created_date` DESC, `candidates->interviews`.`interview_round` DESC;","parameters":{}}:',
  timestamp: '2023-01-24T11:00:24.216Z'
}
{
  level: 'error',
  message: 'Error occurred while finding statuses in getDashboard controller {"name":"SequelizeDatabaseError","parent":{"code":"ER_BAD_FIELD_ERROR","errno":1054,"sqlState":"42S22","sqlMessage":"Unknown column \'candidates->interviews.interview_round\' in \'order clause\'","sql":"SELECT `jobId`, `jobCode`, `jobTitle`, `city`, `state`, `primarySkills`, `experience`, `payRates`, `canEngageExternalConsultants`, `priority`, `company`, `noOfPositions`, `remark`, `jobDescription`, `status`, `createdDate`, `lastModifiedDate`, `createdById`, `lastModifiedById`, `jobTypeId`, `jobRequisitionStatusId` FROM `jobrequisitions` AS `JobRequisition` ORDER BY `JobRequisition`.`createdDate` DESC, `candidates->interviews`.`interview_round` DESC;"},"original":{"code":"ER_BAD_FIELD_ERROR","errno":1054,"sqlState":"42S22","sqlMessage":"Unknown column \'candidates->interviews.interview_round\' in \'order clause\'","sql":"SELECT `jobId`, `jobCode`, `jobTitle`, `city`, `state`, `primarySkills`, `experience`, `payRates`, `canEngageExternalConsultants`, `priority`, `company`, `noOfPositions`, `remark`, `jobDescription`, `status`, `createdDate`, `lastModifiedDate`, `createdById`, `lastModifiedById`, `jobTypeId`, `jobRequisitionStatusId` FROM `jobrequisitions` AS `JobRequisition` ORDER BY `JobRequisition`.`createdDate` DESC, `candidates->interviews`.`interview_round` DESC;"},"sql":"SELECT `jobId`, `jobCode`, `jobTitle`, `city`, `state`, `primarySkills`, `experience`, `payRates`, `canEngageExternalConsultants`, `priority`, `company`, `noOfPositions`, `remark`, `jobDescription`, `status`, `createdDate`, `lastModifiedDate`, `createdById`, `lastModifiedById`, `jobTypeId`, `jobRequisitionStatusId` FROM `jobrequisitions` AS `JobRequisition` ORDER BY `JobRequisition`.`createdDate` DESC, `candidates->interviews`.`interview_round` DESC;","parameters":{}}:',
  timestamp: '2023-01-24T11:00:52.572Z'
}
{
  level: 'error',
  message: 'Error occurred while finding statuses in getDashboard controller {"name":"SequelizeDatabaseError","parent":{"code":"ER_BAD_FIELD_ERROR","errno":1054,"sqlState":"42S22","sqlMessage":"Unknown column \'candidates->interviews.interviewRound\' in \'order clause\'","sql":"SELECT `jobId`, `jobCode`, `jobTitle`, `city`, `state`, `primarySkills`, `experience`, `payRates`, `canEngageExternalConsultants`, `priority`, `company`, `noOfPositions`, `remark`, `jobDescription`, `status`, `createdDate`, `lastModifiedDate`, `createdById`, `lastModifiedById`, `jobTypeId`, `jobRequisitionStatusId` FROM `jobrequisitions` AS `JobRequisition` ORDER BY `JobRequisition`.`createdDate` DESC, `candidates->interviews`.`interviewRound` DESC;"},"original":{"code":"ER_BAD_FIELD_ERROR","errno":1054,"sqlState":"42S22","sqlMessage":"Unknown column \'candidates->interviews.interviewRound\' in \'order clause\'","sql":"SELECT `jobId`, `jobCode`, `jobTitle`, `city`, `state`, `primarySkills`, `experience`, `payRates`, `canEngageExternalConsultants`, `priority`, `company`, `noOfPositions`, `remark`, `jobDescription`, `status`, `createdDate`, `lastModifiedDate`, `createdById`, `lastModifiedById`, `jobTypeId`, `jobRequisitionStatusId` FROM `jobrequisitions` AS `JobRequisition` ORDER BY `JobRequisition`.`createdDate` DESC, `candidates->interviews`.`interviewRound` DESC;"},"sql":"SELECT `jobId`, `jobCode`, `jobTitle`, `city`, `state`, `primarySkills`, `experience`, `payRates`, `canEngageExternalConsultants`, `priority`, `company`, `noOfPositions`, `remark`, `jobDescription`, `status`, `createdDate`, `lastModifiedDate`, `createdById`, `lastModifiedById`, `jobTypeId`, `jobRequisitionStatusId` FROM `jobrequisitions` AS `JobRequisition` ORDER BY `JobRequisition`.`createdDate` DESC, `candidates->interviews`.`interviewRound` DESC;","parameters":{}}:',
  timestamp: '2023-01-24T11:01:17.616Z'
}
{
  message: "Error: Cannot read properties of undefined (reading 'length')",
  level: 'error',
  timestamp: '2023-01-24T11:02:35.868Z'
}
{
  message: "Error: Cannot read properties of undefined (reading 'length')",
  level: 'error',
  timestamp: '2023-01-24T11:02:51.466Z'
}
{
  message: "Error: Cannot read properties of undefined (reading 'filter')",
  level: 'error',
  timestamp: '2023-01-24T11:03:20.742Z'
}
{
  message: "Error: Cannot read properties of undefined (reading 'filter')",
  level: 'error',
  timestamp: '2023-01-24T11:03:58.286Z'
}
{
  message: "Error: Cannot read properties of undefined (reading 'length')",
  level: 'error',
  timestamp: '2023-01-24T11:05:18.535Z'
}
{
  message: "Error: Cannot read properties of undefined (reading 'length')",
  level: 'error',
  timestamp: '2023-01-24T11:05:30.640Z'
}
{
  message: "Error: Cannot read properties of undefined (reading 'filter')",
  level: 'error',
  timestamp: '2023-01-24T11:05:37.362Z'
}
{
  message: "Error: Cannot read properties of undefined (reading 'filter')",
  level: 'error',
  timestamp: '2023-01-24T11:05:54.745Z'
}
{
  message: "Error: Cannot read properties of undefined (reading 'filter')",
  level: 'error',
  timestamp: '2023-01-24T11:06:00.620Z'
}
{
  message: "Error: Cannot read properties of undefined (reading 'length')",
  level: 'error',
  timestamp: '2023-01-24T11:06:20.561Z'
}
{
  message: "Error: Cannot read properties of undefined (reading 'filter')",
  level: 'error',
  timestamp: '2023-01-24T11:10:07.551Z'
}
{
  message: "Error: Cannot read properties of undefined (reading 'filter')",
  level: 'error',
  timestamp: '2023-01-24T11:10:48.422Z'
}
{
  message: "Error: Cannot read properties of undefined (reading 'filter')",
  level: 'error',
  timestamp: '2023-01-24T11:11:00.792Z'
}
{
  message: "Error: Cannot read properties of undefined (reading 'filter')",
  level: 'error',
  timestamp: '2023-01-24T11:11:04.463Z'
}
{
  message: "Error: Cannot read properties of undefined (reading 'filter')",
  level: 'error',
  timestamp: '2023-01-24T11:11:18.987Z'
}
{
  message: "Error: Cannot read properties of undefined (reading 'filter')",
  level: 'error',
  timestamp: '2023-01-24T11:11:53.083Z'
}
{
  message: "Error: Cannot read properties of undefined (reading 'roleName')",
  level: 'error',
  timestamp: '2023-01-24T11:12:10.604Z'
}
{
  message: "Error: Cannot read properties of undefined (reading 'filter')",
  level: 'error',
  timestamp: '2023-01-24T11:12:23.933Z'
}
{
  message: "Error: Cannot read properties of undefined (reading 'filter')",
  level: 'error',
  timestamp: '2023-01-24T11:12:36.177Z'
}
{
  message: "Error: Cannot read properties of undefined (reading 'filter')",
  level: 'error',
  timestamp: '2023-01-24T11:12:51.348Z'
}
{
  message: "Error: Cannot read properties of undefined (reading 'roleName')",
  level: 'error',
  timestamp: '2023-01-24T11:13:08.929Z'
}
{
  message: "Error: Cannot read properties of undefined (reading 'roleName')",
  level: 'error',
  timestamp: '2023-01-24T11:13:19.277Z'
}
{
  message: "Error: Cannot read properties of undefined (reading 'filter')",
  level: 'error',
  timestamp: '2023-01-24T11:13:40.167Z'
}
{
  message: "Error: Cannot read properties of undefined (reading 'filter')",
  level: 'error',
  timestamp: '2023-01-24T11:14:39.973Z'
}
{
  message: "Error: Cannot read properties of undefined (reading 'filter')",
  level: 'error',
  timestamp: '2023-01-24T11:15:55.681Z'
}
{
  message: "Error: Cannot read properties of undefined (reading 'filter')",
  level: 'error',
  timestamp: '2023-01-24T11:17:02.421Z'
}
{
  message: "Error: Cannot read properties of undefined (reading 'filter')",
  level: 'error',
  timestamp: '2023-01-24T11:17:22.262Z'
}
{
  message: "Error: Cannot read properties of undefined (reading 'filter')",
  level: 'error',
  timestamp: '2023-01-24T11:17:39.396Z'
}
{
  message: "Error: Cannot read properties of undefined (reading 'filter')",
  level: 'error',
  timestamp: '2023-01-24T11:17:57.382Z'
}
{
  message: "Error: Cannot read properties of undefined (reading 'filter')",
  level: 'error',
  timestamp: '2023-01-24T11:18:00.295Z'
}
{
  message: "Error: Cannot read properties of undefined (reading 'filter')",
  level: 'error',
  timestamp: '2023-01-24T11:18:30.739Z'
}
{
  message: "Error: Cannot read properties of undefined (reading 'filter')",
  level: 'error',
  timestamp: '2023-01-24T11:19:41.267Z'
}
{
  message: "Error: Cannot read properties of undefined (reading 'filter')",
  level: 'error',
  timestamp: '2023-01-24T11:20:10.006Z'
}
{
  message: 'Error: sequelize is not defined',
  level: 'error',
  timestamp: '2023-01-24T11:23:27.508Z'
}
{
  message: "Error: Cannot read properties of undefined (reading 'length')",
  level: 'error',
  timestamp: '2023-01-24T11:27:50.793Z'
}
{
  message: "Error: Cannot read properties of undefined (reading 'length')",
  level: 'error',
  timestamp: '2023-01-24T11:33:47.795Z'
}
{
  level: 'error',
  message: 'Error occurred while finding statuses in getDashboard controller {"name":"SequelizeEagerLoadingError"}:',
  timestamp: '2023-01-24T12:31:26.060Z'
}
{
  level: 'error',
  message: 'Error occurred while finding statuses in getDashboard controller {"name":"SequelizeEagerLoadingError"}:',
  timestamp: '2023-01-24T12:31:32.346Z'
}
{
  level: 'error',
  message: 'Error occurred while finding statuses in getDashboard controller {"name":"SequelizeEagerLoadingError"}:',
  timestamp: '2023-01-24T12:31:40.909Z'
}
{
  level: 'error',
  message: 'Error occurred while finding statuses in getDashboard controller {"name":"SequelizeEagerLoadingError"}:',
  timestamp: '2023-01-24T12:31:51.232Z'
}
{
  level: 'error',
  message: 'Error occurred while finding statuses in getDashboard controller {"name":"SequelizeEagerLoadingError"}:',
  timestamp: '2023-01-24T12:32:24.366Z'
}
{
  message: 'Error: req.user.roleAssignments.role.some is not a function',
  level: 'error',
  timestamp: '2023-01-24T12:54:25.195Z'
}
{
  message: 'Error: req.user.roleAssignments.some is not a function',
  level: 'error',
  timestamp: '2023-01-24T12:54:53.157Z'
}
{
  message: 'Error: req.user.roleAssignments.role.some is not a function',
  level: 'error',
  timestamp: '2023-01-24T12:56:34.216Z'
}
{
  message: "Error: Cannot read properties of undefined (reading 'some')",
  level: 'error',
  timestamp: '2023-01-24T12:57:00.338Z'
}
{
  message: "Error: Cannot read properties of undefined (reading 'some')",
  level: 'error',
  timestamp: '2023-01-24T12:57:08.039Z'
}
{
  message: 'Error: req.user.roleAssignments.role.some is not a function',
  level: 'error',
  timestamp: '2023-01-24T12:57:31.233Z'
}
{
  message: "Error: Cannot read properties of undefined (reading 'some')",
  level: 'error',
  timestamp: '2023-01-24T12:57:54.414Z'
}
{
  message: "Error: Cannot read properties of undefined (reading 'some')",
  level: 'error',
  timestamp: '2023-01-24T12:58:15.846Z'
}
{
  message: "Error: Cannot read properties of undefined (reading 'some')",
  level: 'error',
  timestamp: '2023-01-24T12:58:21.907Z'
}
{
  message: 'Error: req.user.roleAssignments.role.roleName.some is not a function',
  level: 'error',
  timestamp: '2023-01-24T12:58:32.876Z'
}
{
  level: 'error',
  message: 'Error occurred while finding statuses in getDashboard controller {"name":"SequelizeEagerLoadingError"}:',
  timestamp: '2023-01-24T13:07:16.911Z'
}
{
  level: 'error',
  message: 'Error occurred while finding statuses in getDashboard controller {"name":"SequelizeEagerLoadingError"}:',
  timestamp: '2023-01-24T13:08:16.755Z'
}
{
  level: 'error',
  message: 'Error occurred while finding statuses in getDashboard controller {"name":"SequelizeEagerLoadingError"}:',
  timestamp: '2023-01-24T13:09:01.819Z'
}
{
  level: 'error',
  message: 'Error occurred while finding statuses in getDashboard controller {"name":"SequelizeEagerLoadingError"}:',
  timestamp: '2023-01-24T13:11:42.364Z'
}
{
  level: 'error',
  message: 'Error occurred while finding statuses in getDashboard controller {"name":"SequelizeEagerLoadingError"}:',
  timestamp: '2023-01-24T13:15:10.059Z'
}
{
  level: 'error',
  message: 'Error occurred while finding statuses in getDashboard controller {"name":"SequelizeEagerLoadingError"}:',
  timestamp: '2023-01-24T13:15:54.103Z'
}
{
  level: 'error',
  message: 'Error occurred while finding statuses in getDashboard controller {"name":"SequelizeEagerLoadingError"}:',
  timestamp: '2023-01-24T13:20:18.036Z'
}
{
  level: 'error',
  message: 'Error occurred while finding statuses in getDashboard controller {"name":"SequelizeEagerLoadingError"}:',
  timestamp: '2023-01-24T13:22:18.668Z'
}
{
  level: 'error',
  message: 'Error occurred while finding statuses in getDashboard controller {"name":"SequelizeEagerLoadingError"}:',
  timestamp: '2023-01-24T13:23:58.672Z'
}
{
  level: 'error',
  message: 'Error occurred while finding statuses in getDashboard controller {"name":"SequelizeEagerLoadingError"}:',
  timestamp: '2023-01-24T13:26:22.943Z'
}
{
  level: 'error',
  message: 'Error occurred while finding statuses in getDashboard controller {"name":"SequelizeEagerLoadingError"}:',
  timestamp: '2023-01-24T13:28:23.462Z'
}
{
  level: 'error',
  message: 'Error occurred while finding statuses in getDashboard controller {"name":"SequelizeEagerLoadingError"}:',
  timestamp: '2023-01-24T13:30:21.521Z'
}
{
  level: 'error',
  message: 'Error occurred while finding statuses in getDashboard controller {"name":"SequelizeEagerLoadingError"}:',
  timestamp: '2023-01-24T13:31:16.175Z'
}
{
  level: 'error',
  message: 'Error occurred while finding statuses in getDashboard controller {"name":"SequelizeEagerLoadingError"}:',
  timestamp: '2023-01-24T13:31:30.921Z'
}
{
  level: 'error',
  message: 'Error occurred while getting child usres in getCandidates controller {}:',
  timestamp: '2023-01-24T16:05:04.106Z'
}
{
  level: 'error',
  message: 'Error occurred while getting child usres in getCandidates controller {}:',
  timestamp: '2023-01-24T16:05:52.350Z'
}
{
  level: 'error',
  message: 'Error occurred while finding statuses in getDashboard controller {"name":"SequelizeEagerLoadingError"}:',
  timestamp: '2023-01-24T16:06:27.221Z'
}
{
  level: 'error',
  message: 'Error occurred while finding statuses in getDashboard controller {"name":"SequelizeEagerLoadingError"}:',
  timestamp: '2023-01-24T16:06:51.967Z'
}
{
  level: 'error',
  message: 'Error occurred while finding statuses in getDashboard controller {"name":"SequelizeEagerLoadingError"}:',
  timestamp: '2023-01-24T16:07:30.265Z'
}
{
  level: 'error',
  message: 'Error occurred while finding data in getDashboard controller {"name":"SequelizeEagerLoadingError"}:',
  timestamp: '2023-01-24T16:08:35.954Z'
}
{
  level: 'error',
  message: 'Error occurred while finding data in getDashboard controller {"name":"SequelizeEagerLoadingError"}:',
  timestamp: '2023-01-24T16:10:29.499Z'
}
{
  level: 'error',
  message: 'Error occurred while finding data in getDashboard controller {"name":"SequelizeEagerLoadingError"}:',
  timestamp: '2023-01-24T16:12:05.620Z'
}
{
  level: 'error',
  message: 'Error occurred while finding data in getDashboard controller {"name":"SequelizeEagerLoadingError"}:',
  timestamp: '2023-01-24T16:14:27.647Z'
}
